<?xml version="1.0" encoding="UTF-8"?>
<!-- Generated by org.testng.reporters.JUnitReportReporter -->
<testsuite hostname="PC6" name="TestCase" tests="1" failures="0" timestamp="11 May 2016 03:14:13 GMT" time="0.193" errors="0">
  <testcase name="test" time="0.193" classname="TestCase"/>
</testsuite> <!-- TestCase -->
